[arvixe.webdgallery.com/demo/index.html]
[backblue.gif]
[fade.gif]
[index.html]
[arvixe.webdgallery.com/demo/img/apple-touch-icon.png]
[arvixe.webdgallery.com/demo/img/fevicon.png]
[arvixe.webdgallery.com/demo/img/logo.png]
[arvixe.webdgallery.com/demo/img/slider_image-1.jpg]
[arvixe.webdgallery.com/demo/img/counterup_bg.jpg]
[arvixe.webdgallery.com/demo/img/about-site.jpg]
[arvixe.webdgallery.com/demo/img/feature_images.png]
[arvixe.webdgallery.com/demo/img/project-1.jpg]
[arvixe.webdgallery.com/demo/img/profile_icon.png]
[arvixe.webdgallery.com/demo/img/project-2.jpg]
[arvixe.webdgallery.com/demo/img/project-3.jpg]
[arvixe.webdgallery.com/demo/img/project-4.jpg]
[arvixe.webdgallery.com/demo/img/project-5.jpg]
[arvixe.webdgallery.com/demo/img/project-6.jpg]
[arvixe.webdgallery.com/demo/img/project-7.jpg]
[arvixe.webdgallery.com/demo/img/project-8.jpg]
[arvixe.webdgallery.com/demo/img/team-pic-1.jpg]
[arvixe.webdgallery.com/demo/img/team-pic-2.jpg]
[arvixe.webdgallery.com/demo/img/team-pic-3.jpg]
[arvixe.webdgallery.com/demo/img/team-pic-4.jpg]
[arvixe.webdgallery.com/demo/img/b-1.jpg]
[arvixe.webdgallery.com/demo/img/b-2.jpg]
[arvixe.webdgallery.com/demo/img/b-3.jpg]
[arvixe.webdgallery.com/demo/img/client.jpg]
[arvixe.webdgallery.com/demo/img/c-1.png]
[arvixe.webdgallery.com/demo/img/c-2.png]
[arvixe.webdgallery.com/demo/img/c-3.png]
[arvixe.webdgallery.com/demo/img/c-4.png]
[arvixe.webdgallery.com/demo/img/c-5.png]
[arvixe.webdgallery.com/demo/vendor/jquery/jquery.min.js]
[arvixe.webdgallery.com/demo/vendor/bootstrap/js/bootstrap.min.js]
[arvixe.webdgallery.com/demo/vendor/bootstrap-select/dist/js/bootstrap-select.min.js]
[cdnjs.cloudflare.com/ajax/libs/jquery-easing/1.3/jquery.easing.min.js]
[arvixe.webdgallery.com/demo/vendor/scrollreveal/scrollreveal.min.js]
[arvixe.webdgallery.com/demo/vendor/mixitup-2/src/jquery.mixitup.js]
[arvixe.webdgallery.com/demo/vendor/magnific-popup/jquery.magnific-popup.min.js]
[arvixe.webdgallery.com/demo/vendor/Counter-Up-master/waypoints.min.js]
[arvixe.webdgallery.com/demo/vendor/Counter-Up-master/jquery.counterup.min.js]
[arvixe.webdgallery.com/demo/vendor/owl.carousel/owl.carousel.min.js]
[arvixe.webdgallery.com/demo/vendor/jquery.mb.YTPlayer-master/dist/jquery.mb.YTPlayer.min.js]
[arvixe.webdgallery.com/demo/js/wow.min.js]
[arvixe.webdgallery.com/demo/js/mail.js]
[arvixe.webdgallery.com/demo/js/color-switcher.js]
[arvixe.webdgallery.com/demo/js/main.js]
[arvixe.webdgallery.com/demo/index.html]
[arvixe.webdgallery.com/demo/vendor/bootstrap/fonts/glyphicons-halflings-regular.eot]
[arvixe.webdgallery.com/demo/vendor/bootstrap/fonts/glyphicons-halflings-regular.woff]
[arvixe.webdgallery.com/demo/vendor/bootstrap/fonts/glyphicons-halflings-regular.ttf]
[arvixe.webdgallery.com/demo/vendor/bootstrap/css/bootstrap.min.css]
[arvixe.webdgallery.com/demo/vendor/bootstrap-select/dist/css/bootstrap-select.min.css]
[arvixe.webdgallery.com/demo/vendor/font-awesome/fonts/fontawesome-webfont3e6e.eot]
[arvixe.webdgallery.com/demo/vendor/font-awesome/fonts/fontawesome-webfontd41d.eot]
[arvixe.webdgallery.com/demo/vendor/font-awesome/fonts/fontawesome-webfont3e6e.woff2]
[arvixe.webdgallery.com/demo/vendor/font-awesome/fonts/fontawesome-webfont3e6e.woff]
[arvixe.webdgallery.com/demo/vendor/font-awesome/fonts/fontawesome-webfont3e6e.ttf]
[arvixe.webdgallery.com/demo/vendor/font-awesome/css/font-awesome.min.css]
[arvixe.webdgallery.com/demo/vendor/magnific-popup/magnific-popup.css]
[arvixe.webdgallery.com/demo/vendor/owl.carousel/assets/owl.carousel.css]
[arvixe.webdgallery.com/demo/vendor/jquery.mb.YTPlayer-master/dist/css/font/ytp-regular.eot]
[arvixe.webdgallery.com/demo/vendor/jquery.mb.YTPlayer-master/dist/css/jquery.mb.YTPlayer.min.css]
[arvixe.webdgallery.com/demo/css/animate.min.css]
[arvixe.webdgallery.com/demo/css/color-switcher.css]
[arvixe.webdgallery.com/demo/img/calltoaction_bg.jpg]
[arvixe.webdgallery.com/demo/img/testimonial_bg.jpg]
[arvixe.webdgallery.com/demo/img/meeting.jpg]
[arvixe.webdgallery.com/demo/css/main.css]
[arvixe.webdgallery.com/demo/vendor/bootstrap/fonts/glyphicons-halflings-regulard41d.eot]
[arvixe.webdgallery.com/demo/vendor/bootstrap/fonts/glyphicons-halflings-regular.svg]
[arvixe.webdgallery.com/demo/vendor/font-awesome/fonts/fontawesome-webfont3e6e.svg]
[arvixe.webdgallery.com/demo/img/slider_image-1.jpg]
[arvixe.webdgallery.com/demo/img/feature_images.png]
[arvixe.webdgallery.com/demo/vendor/bootstrap/fonts/glyphicons-halflings-regular.eot]
[arvixe.webdgallery.com/demo/vendor/bootstrap/fonts/glyphicons-halflings-regular.woff2]
